<?xml version="1.0" encoding="UTF-8"?>
<!-- Generated by org.testng.reporters.JUnitReportReporter -->
<testsuite hostname="LAPTOP-E4NDCGJH" failures="0" tests="1" name="PageObject.RegistrationPageTest" time="9.118" errors="0" timestamp="2023-02-24T21:16:36 EST" skipped="0">
  <testcase classname="PageObject.RegistrationPageTest" name="registerTest" time="9.118"/>
  <system-out/>
</testsuite> <!-- PageObject.RegistrationPageTest -->
